<?xml version="1.0" encoding="UTF-8"?>
<Site BuildName="(empty)"
	BuildStamp="20241120-1535-Experimental"
	Name="Ilef"
	Generator="ctest-3.16.3"
	CompilerName="/usr/bin/c++"
	CompilerVersion="9.4.0"
	OSName="Linux"
	Hostname="Ilef"
	OSRelease="5.15.0-84-generic"
	OSVersion="#93~20.04.1-Ubuntu SMP Wed Sep 6 16:15:40 UTC 2023"
	OSPlatform="x86_64"
	Is64Bits="1"
	VendorString="GenuineIntel"
	VendorID="Intel Corporation"
	FamilyID="6"
	ModelID="78"
	ProcessorCacheSize="4096"
	NumberOfLogicalCPU="4"
	NumberOfPhysicalCPU="2"
	TotalVirtualMemory="1392"
	TotalPhysicalMemory="7798"
	LogicalProcessorsPerPhysical="2"
	ProcessorClockFrequency="2852.87"
	>
	<Testing>
		<StartDateTime>Nov 20 18:26 CET</StartDateTime>
		<StartTestTime>1732123583</StartTestTime>
		<TestList/>
		<EndDateTime>Nov 20 18:26 CET</EndDateTime>
		<EndTestTime>1732123583</EndTestTime>
		<ElapsedMinutes>0</ElapsedMinutes>
	</Testing>
</Site>
