<?xml version="1.0" encoding="UTF-8"?>
<Site BuildName="(empty)"
	BuildStamp="20230707-0730-Experimental"
	Name="Ilef"
	Generator="ctest-3.16.3"
	CompilerName="/usr/bin/c++"
	CompilerVersion="9.4.0"
	OSName="Linux"
	Hostname="Ilef"
	OSRelease="5.15.0-71-generic"
	OSVersion="#78~20.04.1-Ubuntu SMP Wed Apr 19 11:26:48 UTC 2023"
	OSPlatform="x86_64"
	Is64Bits="1"
	VendorString="GenuineIntel"
	VendorID="Intel Corporation"
	FamilyID="6"
	ModelID="78"
	ProcessorCacheSize="4096"
	NumberOfLogicalCPU="4"
	NumberOfPhysicalCPU="2"
	TotalVirtualMemory="1392"
	TotalPhysicalMemory="7810"
	LogicalProcessorsPerPhysical="2"
	ProcessorClockFrequency="3000"
	>
	<Testing>
		<StartDateTime>Jul 07 08:30 CET</StartDateTime>
		<StartTestTime>1688715015</StartTestTime>
		<TestList/>
		<EndDateTime>Jul 07 08:30 CET</EndDateTime>
		<EndTestTime>1688715015</EndTestTime>
		<ElapsedMinutes>0</ElapsedMinutes>
	</Testing>
</Site>
